[debug] [2023-03-19T10:32:40.068Z] ----------------------------------------------------------------------
[debug] [2023-03-19T10:32:40.071Z] Command:       C:\Program Files\nodejs\node.exe C:\Users\hik8h\AppData\Roaming\npm\node_modules\firebase-tools\lib\bin\firebase.js init
[debug] [2023-03-19T10:32:40.072Z] CLI Version:   11.9.0
[debug] [2023-03-19T10:32:40.072Z] Platform:      win32
[debug] [2023-03-19T10:32:40.073Z] Node Version:  v18.14.2
[debug] [2023-03-19T10:32:40.076Z] Time:          Sun Mar 19 2023 10:32:40 GMT+0000 (Greenwich Mean Time)
[debug] [2023-03-19T10:32:40.076Z] ----------------------------------------------------------------------
[debug] 
[debug] [2023-03-19T10:32:40.084Z] >>> [apiv2][query] GET https://firebase-public.firebaseio.com/cli.json [none]
[debug] [2023-03-19T10:32:40.181Z] > command requires scopes: ["email","openid","https://www.googleapis.com/auth/cloudplatformprojects.readonly","https://www.googleapis.com/auth/firebase","https://www.googleapis.com/auth/cloud-platform"]
[debug] [2023-03-19T10:32:40.181Z] > authorizing via signed-in user (hik8hik@gmail.com)
[info] 
     ######## #### ########  ######## ########     ###     ######  ########
     ##        ##  ##     ## ##       ##     ##  ##   ##  ##       ##
     ######    ##  ########  ######   ########  #########  ######  ######
     ##        ##  ##    ##  ##       ##     ## ##     ##       ## ##
     ##       #### ##     ## ######## ########  ##     ##  ######  ########

You're about to initialize a Firebase project in this directory:

  C:\Users\hik8h\Downloads\Compressed\dhan-gaadi\server

[debug] [2023-03-19T10:32:41.240Z] <<< [apiv2][status] GET https://firebase-public.firebaseio.com/cli.json 200
[debug] [2023-03-19T10:32:41.240Z] <<< [apiv2][body] GET https://firebase-public.firebaseio.com/cli.json {"cloudBuildErrorAfter":1594252800000,"cloudBuildWarnAfter":1590019200000,"defaultNode10After":1594252800000,"minVersion":"3.0.5","node8DeploysDisabledAfter":1613390400000,"node8RuntimeDisabledAfter":1615809600000,"node8WarnAfter":1600128000000}
